Using pre-set license
Built from '2021.3/staging' branch; Version is '2021.3.8f1 (b30333d56e81) revision 11731763'; Using compiler version '192829333'; Build Type 'Release'
OS: 'Windows 11  (10.0.22621) 64bit Professional' Language: 'en' Physical Memory: 32492 MB
BatchMode: 1, IsHumanControllingUs: 0, StartBugReporterOnCrash: 0, Is64bit: 1, IsPro: 1

COMMAND LINE ARGUMENTS:
C:\Program Files\Unity\Hub\Editor\2021.3.8f1\Editor\Unity.exe
-adb2
-batchMode
-noUpm
-name
AssetImportWorker2
-projectPath
C:/Users/Jonathan/Documents/GitHub/Game-Systems-Class
-logFile
Logs/AssetImportWorker2.log
-srvPort
59003
Successfully changed project path to: C:/Users/Jonathan/Documents/GitHub/Game-Systems-Class
C:/Users/Jonathan/Documents/GitHub/Game-Systems-Class
[UnityMemory] Configuration Parameters - Can be set up in boot.config
    "memorysetup-bucket-allocator-granularity=16"
    "memorysetup-bucket-allocator-bucket-count=8"
    "memorysetup-bucket-allocator-block-size=33554432"
    "memorysetup-bucket-allocator-block-count=8"
    "memorysetup-main-allocator-block-size=16777216"
    "memorysetup-thread-allocator-block-size=16777216"
    "memorysetup-gfx-main-allocator-block-size=16777216"
    "memorysetup-gfx-thread-allocator-block-size=16777216"
    "memorysetup-cache-allocator-block-size=4194304"
    "memorysetup-typetree-allocator-block-size=2097152"
    "memorysetup-profiler-bucket-allocator-granularity=16"
    "memorysetup-profiler-bucket-allocator-bucket-count=8"
    "memorysetup-profiler-bucket-allocator-block-size=33554432"
    "memorysetup-profiler-bucket-allocator-block-count=8"
    "memorysetup-profiler-allocator-block-size=16777216"
    "memorysetup-profiler-editor-allocator-block-size=1048576"
    "memorysetup-temp-allocator-size-main=16777216"
    "memorysetup-job-temp-allocator-block-size=2097152"
    "memorysetup-job-temp-allocator-block-size-background=1048576"
    "memorysetup-job-temp-allocator-reduction-small-platforms=262144"
    "memorysetup-temp-allocator-size-background-worker=32768"
    "memorysetup-temp-allocator-size-job-worker=262144"
    "memorysetup-temp-allocator-size-preload-manager=33554432"
    "memorysetup-temp-allocator-size-nav-mesh-worker=65536"
    "memorysetup-temp-allocator-size-audio-worker=65536"
    "memorysetup-temp-allocator-size-cloud-worker=32768"
    "memorysetup-temp-allocator-size-gi-baking-worker=262144"
    "memorysetup-temp-allocator-size-gfx=262144"
Refreshing native plugins compatible for Editor in 30.74 ms, found 2 plugins.
Preloading 0 native plugins for Editor in 0.00 ms.
Initialize engine version: 2021.3.8f1 (b30333d56e81)
[Subsystems] Discovering subsystems at path C:/Program Files/Unity/Hub/Editor/2021.3.8f1/Editor/Data/Resources/UnitySubsystems
[Subsystems] Discovering subsystems at path C:/Users/Jonathan/Documents/GitHub/Game-Systems-Class/Assets
GfxDevice: creating device client; threaded=0; jobified=0
Direct3D:
    Version:  Direct3D 11.0 [level 11.1]
    Renderer: NVIDIA GeForce RTX 3070 Ti Laptop GPU (ID=0x24e0)
    Vendor:   NVIDIA
    VRAM:     8043 MB
    Driver:   31.0.15.1700
Initialize mono
Mono path[0] = 'C:/Program Files/Unity/Hub/Editor/2021.3.8f1/Editor/Data/Managed'
Mono path[1] = 'C:/Program Files/Unity/Hub/Editor/2021.3.8f1/Editor/Data/MonoBleedingEdge/lib/mono/unityjit-win32'
Mono config path = 'C:/Program Files/Unity/Hub/Editor/2021.3.8f1/Editor/Data/MonoBleedingEdge/etc'
Using monoOptions --debugger-agent=transport=dt_socket,embedding=1,server=y,suspend=n,address=127.0.0.1:56156
Begin MonoManager ReloadAssembly
Registering precompiled unity dll's ...
Register platform support module: C:/Program Files/Unity/Hub/Editor/2021.3.8f1/Editor/Data/PlaybackEngines/WindowsStandaloneSupport/UnityEditor.WindowsStandalone.Extensions.dll
Registered in 0.004018 seconds.
Native extension for WindowsStandalone target not found
Refreshing native plugins compatible for Editor in 24.80 ms, found 2 plugins.
Preloading 0 native plugins for Editor in 0.00 ms.
Mono: successfully reloaded assembly
- Completed reload, in  0.500 seconds
Domain Reload Profiling:
	ReloadAssembly (501ms)
		BeginReloadAssembly (69ms)
			ExecutionOrderSort (0ms)
			DisableScriptedObjects (0ms)
			BackupInstance (0ms)
			ReleaseScriptingObjects (0ms)
			CreateAndSetChildDomain (1ms)
		EndReloadAssembly (334ms)
			LoadAssemblies (67ms)
			RebuildTransferFunctionScriptingTraits (0ms)
			SetupTypeCache (86ms)
			ReleaseScriptCaches (0ms)
			RebuildScriptCaches (21ms)
			SetupLoadedEditorAssemblies (186ms)
				LogAssemblyErrors (0ms)
				InitializePlatformSupportModulesInManaged (5ms)
				SetLoadedEditorAssemblies (0ms)
				RefreshPlugins (25ms)
				BeforeProcessingInitializeOnLoad (1ms)
				ProcessInitializeOnLoadAttributes (120ms)
				ProcessInitializeOnLoadMethodAttributes (34ms)
				AfterProcessingInitializeOnLoad (0ms)
				EditorAssembliesLoaded (0ms)
			ExecutionOrderSort2 (0ms)
			AwakeInstancesAfterBackupRestoration (0ms)
Platform modules already initialized, skipping
Registering precompiled user dll's ...
Registered in 0.002312 seconds.
Begin MonoManager ReloadAssembly
Native extension for WindowsStandalone target not found
Refreshing native plugins compatible for Editor in 0.26 ms, found 2 plugins.
Preloading 0 native plugins for Editor in 0.00 ms.
Mono: successfully reloaded assembly
- Completed reload, in  0.549 seconds
Domain Reload Profiling:
	ReloadAssembly (550ms)
		BeginReloadAssembly (68ms)
			ExecutionOrderSort (0ms)
			DisableScriptedObjects (4ms)
			BackupInstance (0ms)
			ReleaseScriptingObjects (0ms)
			CreateAndSetChildDomain (12ms)
		EndReloadAssembly (409ms)
			LoadAssemblies (43ms)
			RebuildTransferFunctionScriptingTraits (0ms)
			SetupTypeCache (109ms)
			ReleaseScriptCaches (0ms)
			RebuildScriptCaches (25ms)
			SetupLoadedEditorAssemblies (205ms)
				LogAssemblyErrors (0ms)
				InitializePlatformSupportModulesInManaged (3ms)
				SetLoadedEditorAssemblies (0ms)
				RefreshPlugins (0ms)
				BeforeProcessingInitializeOnLoad (32ms)
				ProcessInitializeOnLoadAttributes (145ms)
				ProcessInitializeOnLoadMethodAttributes (19ms)
				AfterProcessingInitializeOnLoad (4ms)
				EditorAssembliesLoaded (0ms)
			ExecutionOrderSort2 (0ms)
			AwakeInstancesAfterBackupRestoration (4ms)
Platform modules already initialized, skipping
========================================================================
Worker process is ready to serve import requests
Shader 'Toon/Lighted Outline': fallback shader 'Toon/Lighted' not found
WARNING: Shader Unsupported: 'Toon/Lighted Outline' - All subshaders removed
WARNING: Shader Did you use #pragma only_renderers and omit this platform?
WARNING: Shader If subshaders removal was intentional, you may have forgotten turning Fallback off?
WARNING: Shader Unsupported: 'Toon/Lighted Outline' - All subshaders removed
WARNING: Shader Did you use #pragma only_renderers and omit this platform?
WARNING: Shader If subshaders removal was intentional, you may have forgotten turning Fallback off?
Shader 'Toon/Lighted Outline': fallback shader 'Toon/Lighted' not found
WARNING: Shader Unsupported: 'Toon/Lighted Outline' - All subshaders removed
WARNING: Shader Did you use #pragma only_renderers and omit this platform?
WARNING: Shader If subshaders removal was intentional, you may have forgotten turning Fallback off?
WARNING: Shader Unsupported: 'Toon/Lighted Outline' - All subshaders removed
WARNING: Shader Did you use #pragma only_renderers and omit this platform?
WARNING: Shader If subshaders removal was intentional, you may have forgotten turning Fallback off?
Launched and connected shader compiler UnityShaderCompiler.exe after 0.03 seconds
Refreshing native plugins compatible for Editor in 0.35 ms, found 2 plugins.
Preloading 0 native plugins for Editor in 0.00 ms.
Unloading 1754 Unused Serialized files (Serialized files now loaded: 0)
Unloading 20 unused Assets / (73.7 KB). Loaded Objects now: 2233.
Memory consumption went from 87.7 MB to 87.7 MB.
Total: 3.379600 ms (FindLiveObjects: 0.122800 ms CreateObjectMapping: 0.037300 ms MarkObjects: 3.116200 ms  DeleteObjects: 0.102600 ms)

AssetImportParameters requested are different than current active one (requested -> active):
  custom:video-decoder-ogg-theora: a1e56fd34408186e4bbccfd4996cb3dc -> 
  custom:container-muxer-webm: aa71ff27fc2769a1b78a27578f13a17b -> 
  custom:container-demuxer-webm: 4f35f7cbe854078d1ac9338744f61a02 -> 
  custom:video-encoder-webm-vp8: eb34c28f22e8b96e1ab97ce403110664 -> 
  custom:video-codec-MediaFoundation-h265: 746d11721c4dcdbdad8f713fa42b33f4 -> 
  custom:audio-encoder-webm-vorbis: bf7c407c2cedff20999df2af8eb42d56 -> 
  custom:framework-win-MediaFoundation: 216162199b28c13a410421893ffa2e32 -> 
  custom:container-demuxer-ogg: 62fdf1f143b41e24485cea50d1cbac27 -> 
  custom:video-decoder-webm-vp8: 9c59270c3fd7afecdb556c50c9e8de78 -> 
  custom:audio-decoder-ogg-vorbis: bf7c407c2cedff20999df2af8eb42d56 -> 
========================================================================
Received Import Request.
  Time since last request: 3692.200835 seconds.
  path: Assets/Game Systems/Resources/Character/Armour_2.png
  artifactKey: Guid(99398b6a143d7cd4691a8e0bc9b0054d) Importer(815301076,1909f56bfc062723c751e8b465ee728b)
Start importing Assets/Game Systems/Resources/Character/Armour_2.png using Guid(99398b6a143d7cd4691a8e0bc9b0054d) Importer(815301076,1909f56bfc062723c751e8b465ee728b)  -> (artifact id: 'd75f1a59b509ff9e538bb7742e986cad') in 0.102551 seconds 
========================================================================
Received Import Request.
  Time since last request: 0.000036 seconds.
  path: Assets/Game Systems/Resources/Character/Armour_3.png
  artifactKey: Guid(0c3819ec10d2eed429dfb9b2cd7a4dee) Importer(815301076,1909f56bfc062723c751e8b465ee728b)
Start importing Assets/Game Systems/Resources/Character/Armour_3.png using Guid(0c3819ec10d2eed429dfb9b2cd7a4dee) Importer(815301076,1909f56bfc062723c751e8b465ee728b)  -> (artifact id: '3bffccf98a6080d5421b27875094e2cd') in 0.021581 seconds 
========================================================================
Received Import Request.
  Time since last request: 1.745746 seconds.
  path: Assets/Game Systems/Resources/Character/Armour_9.png
  artifactKey: Guid(28ce381a6bbd46b4abd0def13ee0ccf9) Importer(815301076,1909f56bfc062723c751e8b465ee728b)
Start importing Assets/Game Systems/Resources/Character/Armour_9.png using Guid(28ce381a6bbd46b4abd0def13ee0ccf9) Importer(815301076,1909f56bfc062723c751e8b465ee728b)  -> (artifact id: '2470fed5a3b4c92c39497fcc9639995e') in 0.016751 seconds 
========================================================================
Received Import Request.
  Time since last request: 11.380178 seconds.
  path: Assets/Game Systems/Resources/Character/Clothes_1.png
  artifactKey: Guid(eb7ba91604d873447b6ff9efd97f3d57) Importer(815301076,1909f56bfc062723c751e8b465ee728b)
Start importing Assets/Game Systems/Resources/Character/Clothes_1.png using Guid(eb7ba91604d873447b6ff9efd97f3d57) Importer(815301076,1909f56bfc062723c751e8b465ee728b)  -> (artifact id: '02418af6534bb60c502c1fc72113ea8e') in 0.013706 seconds 
========================================================================
Received Import Request.
  Time since last request: 0.000018 seconds.
  path: Assets/Game Systems/Resources/Character/Clothes_7.png
  artifactKey: Guid(62cc1cb7350d06b45b332bc66794b109) Importer(815301076,1909f56bfc062723c751e8b465ee728b)
Start importing Assets/Game Systems/Resources/Character/Clothes_7.png using Guid(62cc1cb7350d06b45b332bc66794b109) Importer(815301076,1909f56bfc062723c751e8b465ee728b)  -> (artifact id: 'a6e69ebb71388d1c6fcf0a598b010fd0') in 0.020107 seconds 
========================================================================
Received Import Request.
  Time since last request: 0.000018 seconds.
  path: Assets/Game Systems/Resources/Character/Clothes_6.png
  artifactKey: Guid(34b4efa0af3f3104caa1df4dfef73f5c) Importer(815301076,1909f56bfc062723c751e8b465ee728b)
Start importing Assets/Game Systems/Resources/Character/Clothes_6.png using Guid(34b4efa0af3f3104caa1df4dfef73f5c) Importer(815301076,1909f56bfc062723c751e8b465ee728b)  -> (artifact id: '47c1650ac47f81829f069a9c446f1c39') in 0.023204 seconds 
========================================================================
Received Import Request.
  Time since last request: 9.569709 seconds.
  path: Assets/Game Systems/Resources/Character/Eyes_1.png
  artifactKey: Guid(6af64026ceeb8e949a1ba72f19f0fe88) Importer(815301076,1909f56bfc062723c751e8b465ee728b)
Start importing Assets/Game Systems/Resources/Character/Eyes_1.png using Guid(6af64026ceeb8e949a1ba72f19f0fe88) Importer(815301076,1909f56bfc062723c751e8b465ee728b)  -> (artifact id: 'c63b1c930e9160d7924b99244e0bf3be') in 0.017904 seconds 
========================================================================
Received Import Request.
  Time since last request: 6.054995 seconds.
  path: Assets/Game Systems/Resources/Character/Hair_1.png
  artifactKey: Guid(34c64723642c4d5429832c86b3277c77) Importer(815301076,1909f56bfc062723c751e8b465ee728b)
Start importing Assets/Game Systems/Resources/Character/Hair_1.png using Guid(34c64723642c4d5429832c86b3277c77) Importer(815301076,1909f56bfc062723c751e8b465ee728b)  -> (artifact id: '8cd7cb9dfa247cf86ab0498ecb2e7db1') in 0.015104 seconds 
========================================================================
Received Import Request.
  Time since last request: 0.000030 seconds.
  path: Assets/Game Systems/Resources/Character/Hair_4.png
  artifactKey: Guid(93f077b15822b0646953506f5c92bacf) Importer(815301076,1909f56bfc062723c751e8b465ee728b)
Start importing Assets/Game Systems/Resources/Character/Hair_4.png using Guid(93f077b15822b0646953506f5c92bacf) Importer(815301076,1909f56bfc062723c751e8b465ee728b)  -> (artifact id: '0ffbbbf376bf704153a579d28f1964c7') in 0.017352 seconds 
========================================================================
Received Import Request.
  Time since last request: 7.258702 seconds.
  path: Assets/Game Systems/Resources/Character/Mouth_1.png
  artifactKey: Guid(911e9faa87e31eb419a73e98e9075b44) Importer(815301076,1909f56bfc062723c751e8b465ee728b)
Start importing Assets/Game Systems/Resources/Character/Mouth_1.png using Guid(911e9faa87e31eb419a73e98e9075b44) Importer(815301076,1909f56bfc062723c751e8b465ee728b)  -> (artifact id: '1f608cd5711c275bff822272e7c0a0c0') in 0.017984 seconds 
========================================================================
Received Import Request.
  Time since last request: 5.778335 seconds.
  path: Assets/Game Systems/Resources/Character/Skin_1.png
  artifactKey: Guid(a29edefd0c3948b4ca3be9f8c4d1b241) Importer(815301076,1909f56bfc062723c751e8b465ee728b)
Start importing Assets/Game Systems/Resources/Character/Skin_1.png using Guid(a29edefd0c3948b4ca3be9f8c4d1b241) Importer(815301076,1909f56bfc062723c751e8b465ee728b)  -> (artifact id: '1662605a1f0442c284987f75e9244c11') in 0.018453 seconds 
Editor requested this worker to shutdown with reason: Scaling down because of idle timeout
AssetImportWorker is now disconnected from the server
Process exiting
Exiting without the bug reporter. Application will terminate with return code 0